This is pdfTeX, Version 3.14159265-2.6-1.40.19 (TeX Live 2018/W32TeX) (preloaded format=pdflatex 2018.12.28)  20 JUL 2022 16:52
entering extended mode
 restricted \write18 enabled.
 file:line:error style messages enabled.
 %&-line parsing enabled.
**"c:/Users/Johnny/Coding-Bootcamp/PS4/tex_file/PS4 PDF.tex"
(c:/Users/Johnny/Coding-Bootcamp/PS4/tex_file/PS4 PDF.tex
LaTeX2e <2018-12-01>
(c:/texlive/2018/texmf-dist/tex/latex/base/article.cls
Document Class: article 2018/09/03 v1.4i Standard LaTeX document class
(c:/texlive/2018/texmf-dist/tex/latex/base/size12.clo
File: size12.clo 2018/09/03 v1.4i Standard LaTeX file (size option)
)
\c@part=\count80
\c@section=\count81
\c@subsection=\count82
\c@subsubsection=\count83
\c@paragraph=\count84
\c@subparagraph=\count85
\c@figure=\count86
\c@table=\count87
\abovecaptionskip=\skip41
\belowcaptionskip=\skip42
\bibindent=\dimen102
) (c:/texlive/2018/texmf-dist/tex/latex/geometry/geometry.sty
Package: geometry 2018/04/16 v5.8 Page Geometry
 (c:/texlive/2018/texmf-dist/tex/latex/graphics/keyval.sty
Package: keyval 2014/10/28 v1.15 key=value parser (DPC)
\KV@toks@=\toks14
) (c:/texlive/2018/texmf-dist/tex/generic/oberdiek/ifpdf.sty
Package: ifpdf 2018/09/07 v3.3 Provides the ifpdf switch
) (c:/texlive/2018/texmf-dist/tex/generic/oberdiek/ifvtex.sty
Package: ifvtex 2016/05/16 v1.6 Detect VTeX and its facilities (HO)
Package ifvtex Info: VTeX not detected.
) (c:/texlive/2018/texmf-dist/tex/generic/ifxetex/ifxetex.sty
Package: ifxetex 2010/09/12 v0.6 Provides ifxetex conditional
)
\Gm@cnth=\count88
\Gm@cntv=\count89
\c@Gm@tempcnt=\count90
\Gm@bindingoffset=\dimen103
\Gm@wd@mp=\dimen104
\Gm@odd@mp=\dimen105
\Gm@even@mp=\dimen106
\Gm@layoutwidth=\dimen107
\Gm@layoutheight=\dimen108
\Gm@layouthoffset=\dimen109
\Gm@layoutvoffset=\dimen110
\Gm@dimlist=\toks15
) (c:/texlive/2018/texmf-dist/tex/latex/hyperref/hyperref.sty
Package: hyperref 2018/11/30 v6.88e Hypertext links for LaTeX
 (c:/texlive/2018/texmf-dist/tex/generic/oberdiek/hobsub-hyperref.sty
Package: hobsub-hyperref 2016/05/16 v1.14 Bundle oberdiek, subset hyperref (HO)
 (c:/texlive/2018/texmf-dist/tex/generic/oberdiek/hobsub-generic.sty
Package: hobsub-generic 2016/05/16 v1.14 Bundle oberdiek, subset generic (HO)
Package: hobsub 2016/05/16 v1.14 Construct package bundles (HO)
Package: infwarerr 2016/05/16 v1.4 Providing info/warning/error messages (HO)
Package: ltxcmds 2016/05/16 v1.23 LaTeX kernel commands for general use (HO)
Package: ifluatex 2016/05/16 v1.4 Provides the ifluatex switch (HO)
Package ifluatex Info: LuaTeX not detected.
Package hobsub Info: Skipping package `ifvtex' (already loaded).
Package: intcalc 2016/05/16 v1.2 Expandable calculations with integers (HO)
Package hobsub Info: Skipping package `ifpdf' (already loaded).
Package: etexcmds 2016/05/16 v1.6 Avoid name clashes with e-TeX commands (HO)
Package etexcmds Info: Could not find \expanded.
(etexcmds)             That can mean that you are not using pdfTeX 1.50 or
(etexcmds)             that some package has redefined \expanded.
(etexcmds)             In the latter case, load this package earlier.
Package: kvsetkeys 2016/05/16 v1.17 Key value parser (HO)
Package: kvdefinekeys 2016/05/16 v1.4 Define keys (HO)
Package: pdftexcmds 2018/09/10 v0.29 Utility functions of pdfTeX for LuaTeX (HO)
Package pdftexcmds Info: LuaTeX not detected.
Package pdftexcmds Info: \pdf@primitive is available.
Package pdftexcmds Info: \pdf@ifprimitive is available.
Package pdftexcmds Info: \pdfdraftmode found.
Package: pdfescape 2016/05/16 v1.14 Implements pdfTeX's escape features (HO)
Package: bigintcalc 2016/05/16 v1.4 Expandable calculations on big integers (HO)
Package: bitset 2016/05/16 v1.2 Handle bit-vector datatype (HO)
Package: uniquecounter 2016/05/16 v1.3 Provide unlimited unique counter (HO)
)
Package hobsub Info: Skipping package `hobsub' (already loaded).
Package: letltxmacro 2016/05/16 v1.5 Let assignment for LaTeX macros (HO)
Package: hopatch 2016/05/16 v1.3 Wrapper for package hooks (HO)
Package: xcolor-patch 2016/05/16 xcolor patch
Package: atveryend 2016/05/16 v1.9 Hooks at the very end of document (HO)
Package atveryend Info: \enddocument detected (standard20110627).
Package: atbegshi 2016/06/09 v1.18 At begin shipout hook (HO)
Package: refcount 2016/05/16 v3.5 Data extraction from label references (HO)
Package: hycolor 2016/05/16 v1.8 Color options for hyperref/bookmark (HO)
) (c:/texlive/2018/texmf-dist/tex/latex/oberdiek/auxhook.sty
Package: auxhook 2016/05/16 v1.4 Hooks for auxiliary files (HO)
) (c:/texlive/2018/texmf-dist/tex/latex/oberdiek/kvoptions.sty
Package: kvoptions 2016/05/16 v3.12 Key value format for package options (HO)
)
\@linkdim=\dimen111
\Hy@linkcounter=\count91
\Hy@pagecounter=\count92
 (c:/texlive/2018/texmf-dist/tex/latex/hyperref/pd1enc.def
File: pd1enc.def 2018/11/30 v6.88e Hyperref: PDFDocEncoding definition (HO)
Now handling font encoding PD1 ...
... no UTF-8 mapping file for font encoding PD1
)
\Hy@SavedSpaceFactor=\count93
 (c:/texlive/2018/texmf-dist/tex/latex/latexconfig/hyperref.cfg
File: hyperref.cfg 2002/06/06 v1.2 hyperref configuration of TeXLive
)
Package hyperref Info: Hyper figures OFF on input line 4519.
Package hyperref Info: Link nesting OFF on input line 4524.
Package hyperref Info: Hyper index ON on input line 4527.
Package hyperref Info: Plain pages OFF on input line 4534.
Package hyperref Info: Backreferencing OFF on input line 4539.
Package hyperref Info: Implicit mode ON; LaTeX internals redefined.
Package hyperref Info: Bookmarks ON on input line 4772.
\c@Hy@tempcnt=\count94
 (c:/texlive/2018/texmf-dist/tex/latex/url/url.sty
\Urlmuskip=\muskip10
Package: url 2013/09/16  ver 3.4  Verb mode for urls, etc.
)
LaTeX Info: Redefining \url on input line 5125.
\XeTeXLinkMargin=\dimen112
\Fld@menulength=\count95
\Field@Width=\dimen113
\Fld@charsize=\dimen114
Package hyperref Info: Hyper figures OFF on input line 6380.
Package hyperref Info: Link nesting OFF on input line 6385.
Package hyperref Info: Hyper index ON on input line 6388.
Package hyperref Info: backreferencing OFF on input line 6395.
Package hyperref Info: Link coloring OFF on input line 6400.
Package hyperref Info: Link coloring with OCG OFF on input line 6405.
Package hyperref Info: PDF/A mode OFF on input line 6410.
LaTeX Info: Redefining \ref on input line 6450.
LaTeX Info: Redefining \pageref on input line 6454.
\Hy@abspage=\count96
\c@Item=\count97
\c@Hfootnote=\count98
)
Package hyperref Info: Driver (autodetected): hpdftex.
 (c:/texlive/2018/texmf-dist/tex/latex/hyperref/hpdftex.def
File: hpdftex.def 2018/11/30 v6.88e Hyperref driver for pdfTeX
\Fld@listcount=\count99
\c@bookmark@seq@number=\count100
 (c:/texlive/2018/texmf-dist/tex/latex/oberdiek/rerunfilecheck.sty
Package: rerunfilecheck 2016/05/16 v1.8 Rerun checks for auxiliary files (HO)
Package uniquecounter Info: New unique counter `rerunfilecheck' on input line 282.
)
\Hy@SectionHShift=\skip43
) (c:/texlive/2018/texmf-dist/tex/latex/amsmath/amsmath.sty
Package: amsmath 2018/12/01 v2.17b AMS math features
\@mathmargin=\skip44

For additional information on amsmath, use the `?' option.
(c:/texlive/2018/texmf-dist/tex/latex/amsmath/amstext.sty
Package: amstext 2000/06/29 v2.01 AMS text
 (c:/texlive/2018/texmf-dist/tex/latex/amsmath/amsgen.sty
File: amsgen.sty 1999/11/30 v2.0 generic functions
\@emptytoks=\toks16
\ex@=\dimen115
)) (c:/texlive/2018/texmf-dist/tex/latex/amsmath/amsbsy.sty
Package: amsbsy 1999/11/29 v1.2d Bold Symbols
\pmbraise@=\dimen116
) (c:/texlive/2018/texmf-dist/tex/latex/amsmath/amsopn.sty
Package: amsopn 2016/03/08 v2.02 operator names
)
\inf@bad=\count101
LaTeX Info: Redefining \frac on input line 223.
\uproot@=\count102
\leftroot@=\count103
LaTeX Info: Redefining \overline on input line 385.
\classnum@=\count104
\DOTSCASE@=\count105
LaTeX Info: Redefining \ldots on input line 482.
LaTeX Info: Redefining \dots on input line 485.
LaTeX Info: Redefining \cdots on input line 606.
\Mathstrutbox@=\box27
\strutbox@=\box28
\big@size=\dimen117
LaTeX Font Info:    Redeclaring font encoding OML on input line 729.
LaTeX Font Info:    Redeclaring font encoding OMS on input line 730.
\macc@depth=\count106
\c@MaxMatrixCols=\count107
\dotsspace@=\muskip11
\c@parentequation=\count108
\dspbrk@lvl=\count109
\tag@help=\toks17
\row@=\count110
\column@=\count111
\maxfields@=\count112
\andhelp@=\toks18
\eqnshift@=\dimen118
\alignsep@=\dimen119
\tagshift@=\dimen120
\tagwidth@=\dimen121
\totwidth@=\dimen122
\lineht@=\dimen123
\@envbody=\toks19
\multlinegap=\skip45
\multlinetaggap=\skip46
\mathdisplay@stack=\toks20
LaTeX Info: Redefining \[ on input line 2844.
LaTeX Info: Redefining \] on input line 2845.
) (c:/texlive/2018/texmf-dist/tex/latex/amscls/amsthm.sty
Package: amsthm 2017/10/31 v2.20.4
\thm@style=\toks21
\thm@bodyfont=\toks22
\thm@headfont=\toks23
\thm@notefont=\toks24
\thm@headpunct=\toks25
\thm@preskip=\skip47
\thm@postskip=\skip48
\thm@headsep=\skip49
\dth@everypar=\toks26
) (c:/texlive/2018/texmf-dist/tex/latex/amsfonts/amssymb.sty
Package: amssymb 2013/01/14 v3.01 AMS font symbols
 (c:/texlive/2018/texmf-dist/tex/latex/amsfonts/amsfonts.sty
Package: amsfonts 2013/01/14 v3.01 Basic AMSFonts support
\symAMSa=\mathgroup4
\symAMSb=\mathgroup5
LaTeX Font Info:    Overwriting math alphabet `\mathfrak' in version `bold'
(Font)                  U/euf/m/n --> U/euf/b/n on input line 106.
)) (c:/texlive/2018/texmf-dist/tex/latex/enumitem/enumitem.sty
Package: enumitem 2018/11/30 v3.6 Customized lists
\labelindent=\skip50
\enit@outerparindent=\dimen124
\enit@toks=\toks27
\enit@inbox=\box29
\enitdp@description=\count113
) (c:/texlive/2018/texmf-dist/tex/latex/fancyhdr/fancyhdr.sty
Package: fancyhdr 2017/06/30 v3.9a Extensive control of page headers and footers
\f@nch@headwidth=\skip51
\f@nch@O@elh=\skip52
\f@nch@O@erh=\skip53
\f@nch@O@olh=\skip54
\f@nch@O@orh=\skip55
\f@nch@O@elf=\skip56
\f@nch@O@erf=\skip57
\f@nch@O@olf=\skip58
\f@nch@O@orf=\skip59
) (c:/texlive/2018/texmf-dist/tex/latex/graphics/color.sty
Package: color 2016/07/10 v1.1e Standard LaTeX Color (DPC)
 (c:/texlive/2018/texmf-dist/tex/latex/graphics-cfg/color.cfg
File: color.cfg 2016/01/02 v1.6 sample color configuration
)
Package color Info: Driver file: pdftex.def on input line 147.
 (c:/texlive/2018/texmf-dist/tex/latex/graphics-def/pdftex.def
File: pdftex.def 2018/01/08 v1.0l Graphics/color driver for pdftex
)) (c:/texlive/2018/texmf-dist/tex/latex/comment/comment.sty
\CommentStream=\write3
 Excluding comment 'comment') (c:/texlive/2018/texmf-dist/tex/latex/graphics/graphicx.sty
Package: graphicx 2017/06/01 v1.1a Enhanced LaTeX Graphics (DPC,SPQR)
 (c:/texlive/2018/texmf-dist/tex/latex/graphics/graphics.sty
Package: graphics 2017/06/25 v1.2c Standard LaTeX Graphics (DPC,SPQR)
 (c:/texlive/2018/texmf-dist/tex/latex/graphics/trig.sty
Package: trig 2016/01/03 v1.10 sin cos tan (DPC)
) (c:/texlive/2018/texmf-dist/tex/latex/graphics-cfg/graphics.cfg
File: graphics.cfg 2016/06/04 v1.11 sample graphics configuration
)
Package graphics Info: Driver file: pdftex.def on input line 99.
)
\Gin@req@height=\dimen125
\Gin@req@width=\dimen126
) (c:/texlive/2018/texmf-dist/tex/latex/environ/environ.sty
Package: environ 2014/05/04 v0.3 A new way to define environments
 (c:/texlive/2018/texmf-dist/tex/latex/trimspaces/trimspaces.sty
Package: trimspaces 2009/09/17 v1.1 Trim spaces around a token list
)) (c:/texlive/2018/texmf-dist/tex/latex/mathtools/mathtools.sty
Package: mathtools 2018/01/08 v1.21 mathematical typesetting tools
 (c:/texlive/2018/texmf-dist/tex/latex/tools/calc.sty
Package: calc 2017/05/25 v4.3 Infix arithmetic (KKT,FJ)
\calc@Acount=\count114
\calc@Bcount=\count115
\calc@Adimen=\dimen127
\calc@Bdimen=\dimen128
\calc@Askip=\skip60
\calc@Bskip=\skip61
LaTeX Info: Redefining \setlength on input line 80.
LaTeX Info: Redefining \addtolength on input line 81.
\calc@Ccount=\count116
\calc@Cskip=\skip62
) (c:/texlive/2018/texmf-dist/tex/latex/mathtools/mhsetup.sty
Package: mhsetup 2017/03/31 v1.3 programming setup (MH)
)
LaTeX Info: Thecontrolsequence`\('isalreadyrobust on input line 129.
LaTeX Info: Thecontrolsequence`\)'isalreadyrobust on input line 129.
LaTeX Info: Thecontrolsequence`\['isalreadyrobust on input line 129.
LaTeX Info: Thecontrolsequence`\]'isalreadyrobust on input line 129.
\g_MT_multlinerow_int=\count117
\l_MT_multwidth_dim=\dimen129
\origjot=\skip63
\l_MT_shortvdotswithinadjustabove_dim=\dimen130
\l_MT_shortvdotswithinadjustbelow_dim=\dimen131
\l_MT_above_intertext_sep=\dimen132
\l_MT_below_intertext_sep=\dimen133
\l_MT_above_shortintertext_sep=\dimen134
\l_MT_below_shortintertext_sep=\dimen135
) (c:/texlive/2018/texmf-dist/tex/latex/bbm-macros/bbm.sty
Package: bbm 1999/03/15 V 1.2 provides fonts for set symbols - TH
LaTeX Font Info:    Overwriting math alphabet `\mathbbm' in version `bold'
(Font)                  U/bbm/m/n --> U/bbm/bx/n on input line 33.
LaTeX Font Info:    Overwriting math alphabet `\mathbbmss' in version `bold'
(Font)                  U/bbmss/m/n --> U/bbmss/bx/n on input line 35.
) (c:/texlive/2018/texmf-dist/tex/latex/pgf/frontendlayer/tikz.sty (c:/texlive/2018/texmf-dist/tex/latex/pgf/basiclayer/pgf.sty (c:/texlive/2018/texmf-dist/tex/latex/pgf/utilities/pgfrcs.sty (c:/texlive/2018/texmf-dist/tex/generic/pgf/utilities/pgfutil-common.tex
\pgfutil@everybye=\toks28
\pgfutil@tempdima=\dimen136
\pgfutil@tempdimb=\dimen137
 (c:/texlive/2018/texmf-dist/tex/generic/pgf/utilities/pgfutil-common-lists.tex)) (c:/texlive/2018/texmf-dist/tex/generic/pgf/utilities/pgfutil-latex.def
\pgfutil@abb=\box30
 (c:/texlive/2018/texmf-dist/tex/latex/ms/everyshi.sty
Package: everyshi 2001/05/15 v3.00 EveryShipout Package (MS)
)) (c:/texlive/2018/texmf-dist/tex/generic/pgf/utilities/pgfrcs.code.tex
Package: pgfrcs 2015/08/07 v3.0.1a (rcs-revision 1.31)
))
Package: pgf 2015/08/07 v3.0.1a (rcs-revision 1.15)
 (c:/texlive/2018/texmf-dist/tex/latex/pgf/basiclayer/pgfcore.sty (c:/texlive/2018/texmf-dist/tex/latex/pgf/systemlayer/pgfsys.sty (c:/texlive/2018/texmf-dist/tex/generic/pgf/systemlayer/pgfsys.code.tex
Package: pgfsys 2014/07/09 v3.0.1a (rcs-revision 1.48)
 (c:/texlive/2018/texmf-dist/tex/generic/pgf/utilities/pgfkeys.code.tex
\pgfkeys@pathtoks=\toks29
\pgfkeys@temptoks=\toks30
 (c:/texlive/2018/texmf-dist/tex/generic/pgf/utilities/pgfkeysfiltered.code.tex
\pgfkeys@tmptoks=\toks31
))
\pgf@x=\dimen138
\pgf@y=\dimen139
\pgf@xa=\dimen140
\pgf@ya=\dimen141
\pgf@xb=\dimen142
\pgf@yb=\dimen143
\pgf@xc=\dimen144
\pgf@yc=\dimen145
\w@pgf@writea=\write4
\r@pgf@reada=\read1
\c@pgf@counta=\count118
\c@pgf@countb=\count119
\c@pgf@countc=\count120
\c@pgf@countd=\count121
\t@pgf@toka=\toks32
\t@pgf@tokb=\toks33
\t@pgf@tokc=\toks34
 (c:/texlive/2018/texmf-dist/tex/generic/pgf/systemlayer/pgf.cfg
File: pgf.cfg 2008/05/14  (rcs-revision 1.7)
)
Driver file for pgf: pgfsys-pdftex.def
 (c:/texlive/2018/texmf-dist/tex/generic/pgf/systemlayer/pgfsys-pdftex.def
File: pgfsys-pdftex.def 2014/10/11  (rcs-revision 1.35)
 (c:/texlive/2018/texmf-dist/tex/generic/pgf/systemlayer/pgfsys-common-pdf.def
File: pgfsys-common-pdf.def 2013/10/10  (rcs-revision 1.13)
))) (c:/texlive/2018/texmf-dist/tex/generic/pgf/systemlayer/pgfsyssoftpath.code.tex
File: pgfsyssoftpath.code.tex 2013/09/09  (rcs-revision 1.9)
\pgfsyssoftpath@smallbuffer@items=\count122
\pgfsyssoftpath@bigbuffer@items=\count123
) (c:/texlive/2018/texmf-dist/tex/generic/pgf/systemlayer/pgfsysprotocol.code.tex
File: pgfsysprotocol.code.tex 2006/10/16  (rcs-revision 1.4)
)) (c:/texlive/2018/texmf-dist/tex/latex/xcolor/xcolor.sty
Package: xcolor 2016/05/11 v2.12 LaTeX color extensions (UK)
 (c:/texlive/2018/texmf-dist/tex/latex/graphics-cfg/color.cfg
File: color.cfg 2016/01/02 v1.6 sample color configuration
)
Package xcolor Info: Driver file: pdftex.def on input line 225.
LaTeX Info: Redefining \color on input line 709.
Package xcolor Info: Model `cmy' substituted by `cmy0' on input line 1348.
Package xcolor Info: Model `hsb' substituted by `rgb' on input line 1352.
Package xcolor Info: Model `RGB' extended on input line 1364.
Package xcolor Info: Model `HTML' substituted by `rgb' on input line 1366.
Package xcolor Info: Model `Hsb' substituted by `hsb' on input line 1367.
Package xcolor Info: Model `tHsb' substituted by `hsb' on input line 1368.
Package xcolor Info: Model `HSB' substituted by `hsb' on input line 1369.
Package xcolor Info: Model `Gray' substituted by `gray' on input line 1370.
Package xcolor Info: Model `wave' substituted by `hsb' on input line 1371.
) (c:/texlive/2018/texmf-dist/tex/generic/pgf/basiclayer/pgfcore.code.tex
Package: pgfcore 2010/04/11 v3.0.1a (rcs-revision 1.7)
 (c:/texlive/2018/texmf-dist/tex/generic/pgf/math/pgfmath.code.tex (c:/texlive/2018/texmf-dist/tex/generic/pgf/math/pgfmathcalc.code.tex (c:/texlive/2018/texmf-dist/tex/generic/pgf/math/pgfmathutil.code.tex) (c:/texlive/2018/texmf-dist/tex/generic/pgf/math/pgfmathparser.code.tex
\pgfmath@dimen=\dimen146
\pgfmath@count=\count124
\pgfmath@box=\box31
\pgfmath@toks=\toks35
\pgfmath@stack@operand=\toks36
\pgfmath@stack@operation=\toks37
) (c:/texlive/2018/texmf-dist/tex/generic/pgf/math/pgfmathfunctions.code.tex (c:/texlive/2018/texmf-dist/tex/generic/pgf/math/pgfmathfunctions.basic.code.tex) (c:/texlive/2018/texmf-dist/tex/generic/pgf/math/pgfmathfunctions.trigonometric.code.tex) (c:/texlive/2018/texmf-dist/tex/generic/pgf/math/pgfmathfunctions.random.code.tex) (c:/texlive/2018/texmf-dist/tex/generic/pgf/math/pgfmathfunctions.comparison.code.tex) (c:/texlive/2018/texmf-dist/tex/generic/pgf/math/pgfmathfunctions.base.code.tex) (c:/texlive/2018/texmf-dist/tex/generic/pgf/math/pgfmathfunctions.round.code.tex) (c:/texlive/2018/texmf-dist/tex/generic/pgf/math/pgfmathfunctions.misc.code.tex) (c:/texlive/2018/texmf-dist/tex/generic/pgf/math/pgfmathfunctions.integerarithmetics.code.tex))) (c:/texlive/2018/texmf-dist/tex/generic/pgf/math/pgfmathfloat.code.tex
\c@pgfmathroundto@lastzeros=\count125
)) (c:/texlive/2018/texmf-dist/tex/generic/pgf/basiclayer/pgfcorepoints.code.tex
File: pgfcorepoints.code.tex 2013/10/07  (rcs-revision 1.27)
\pgf@picminx=\dimen147
\pgf@picmaxx=\dimen148
\pgf@picminy=\dimen149
\pgf@picmaxy=\dimen150
\pgf@pathminx=\dimen151
\pgf@pathmaxx=\dimen152
\pgf@pathminy=\dimen153
\pgf@pathmaxy=\dimen154
\pgf@xx=\dimen155
\pgf@xy=\dimen156
\pgf@yx=\dimen157
\pgf@yy=\dimen158
\pgf@zx=\dimen159
\pgf@zy=\dimen160
) (c:/texlive/2018/texmf-dist/tex/generic/pgf/basiclayer/pgfcorepathconstruct.code.tex
File: pgfcorepathconstruct.code.tex 2013/10/07  (rcs-revision 1.29)
\pgf@path@lastx=\dimen161
\pgf@path@lasty=\dimen162
) (c:/texlive/2018/texmf-dist/tex/generic/pgf/basiclayer/pgfcorepathusage.code.tex
File: pgfcorepathusage.code.tex 2014/11/02  (rcs-revision 1.24)
\pgf@shorten@end@additional=\dimen163
\pgf@shorten@start@additional=\dimen164
) (c:/texlive/2018/texmf-dist/tex/generic/pgf/basiclayer/pgfcorescopes.code.tex
File: pgfcorescopes.code.tex 2015/05/08  (rcs-revision 1.46)
\pgfpic=\box32
\pgf@hbox=\box33
\pgf@layerbox@main=\box34
\pgf@picture@serial@count=\count126
) (c:/texlive/2018/texmf-dist/tex/generic/pgf/basiclayer/pgfcoregraphicstate.code.tex
File: pgfcoregraphicstate.code.tex 2014/11/02  (rcs-revision 1.12)
\pgflinewidth=\dimen165
) (c:/texlive/2018/texmf-dist/tex/generic/pgf/basiclayer/pgfcoretransformations.code.tex
File: pgfcoretransformations.code.tex 2015/08/07  (rcs-revision 1.20)
\pgf@pt@x=\dimen166
\pgf@pt@y=\dimen167
\pgf@pt@temp=\dimen168
) (c:/texlive/2018/texmf-dist/tex/generic/pgf/basiclayer/pgfcorequick.code.tex
File: pgfcorequick.code.tex 2008/10/09  (rcs-revision 1.3)
) (c:/texlive/2018/texmf-dist/tex/generic/pgf/basiclayer/pgfcoreobjects.code.tex
File: pgfcoreobjects.code.tex 2006/10/11  (rcs-revision 1.2)
) (c:/texlive/2018/texmf-dist/tex/generic/pgf/basiclayer/pgfcorepathprocessing.code.tex
File: pgfcorepathprocessing.code.tex 2013/09/09  (rcs-revision 1.9)
) (c:/texlive/2018/texmf-dist/tex/generic/pgf/basiclayer/pgfcorearrows.code.tex
File: pgfcorearrows.code.tex 2015/05/14  (rcs-revision 1.43)
\pgfarrowsep=\dimen169
) (c:/texlive/2018/texmf-dist/tex/generic/pgf/basiclayer/pgfcoreshade.code.tex
File: pgfcoreshade.code.tex 2013/07/15  (rcs-revision 1.15)
\pgf@max=\dimen170
\pgf@sys@shading@range@num=\count127
) (c:/texlive/2018/texmf-dist/tex/generic/pgf/basiclayer/pgfcoreimage.code.tex
File: pgfcoreimage.code.tex 2013/07/15  (rcs-revision 1.18)
 (c:/texlive/2018/texmf-dist/tex/generic/pgf/basiclayer/pgfcoreexternal.code.tex
File: pgfcoreexternal.code.tex 2014/07/09  (rcs-revision 1.21)
\pgfexternal@startupbox=\box35
)) (c:/texlive/2018/texmf-dist/tex/generic/pgf/basiclayer/pgfcorelayers.code.tex
File: pgfcorelayers.code.tex 2013/07/18  (rcs-revision 1.7)
) (c:/texlive/2018/texmf-dist/tex/generic/pgf/basiclayer/pgfcoretransparency.code.tex
File: pgfcoretransparency.code.tex 2013/09/30  (rcs-revision 1.5)
) (c:/texlive/2018/texmf-dist/tex/generic/pgf/basiclayer/pgfcorepatterns.code.tex
File: pgfcorepatterns.code.tex 2013/11/07  (rcs-revision 1.5)
))) (c:/texlive/2018/texmf-dist/tex/generic/pgf/modules/pgfmoduleshapes.code.tex
File: pgfmoduleshapes.code.tex 2014/03/21  (rcs-revision 1.35)
\pgfnodeparttextbox=\box36
) (c:/texlive/2018/texmf-dist/tex/generic/pgf/modules/pgfmoduleplot.code.tex
File: pgfmoduleplot.code.tex 2015/08/03  (rcs-revision 1.13)
) (c:/texlive/2018/texmf-dist/tex/latex/pgf/compatibility/pgfcomp-version-0-65.sty
Package: pgfcomp-version-0-65 2007/07/03 v3.0.1a (rcs-revision 1.7)
\pgf@nodesepstart=\dimen171
\pgf@nodesepend=\dimen172
) (c:/texlive/2018/texmf-dist/tex/latex/pgf/compatibility/pgfcomp-version-1-18.sty
Package: pgfcomp-version-1-18 2007/07/23 v3.0.1a (rcs-revision 1.1)
)) (c:/texlive/2018/texmf-dist/tex/latex/pgf/utilities/pgffor.sty (c:/texlive/2018/texmf-dist/tex/latex/pgf/utilities/pgfkeys.sty (c:/texlive/2018/texmf-dist/tex/generic/pgf/utilities/pgfkeys.code.tex)) (c:/texlive/2018/texmf-dist/tex/latex/pgf/math/pgfmath.sty (c:/texlive/2018/texmf-dist/tex/generic/pgf/math/pgfmath.code.tex)) (c:/texlive/2018/texmf-dist/tex/generic/pgf/utilities/pgffor.code.tex
Package: pgffor 2013/12/13 v3.0.1a (rcs-revision 1.25)
 (c:/texlive/2018/texmf-dist/tex/generic/pgf/math/pgfmath.code.tex)
\pgffor@iter=\dimen173
\pgffor@skip=\dimen174
\pgffor@stack=\toks38
\pgffor@toks=\toks39
)) (c:/texlive/2018/texmf-dist/tex/generic/pgf/frontendlayer/tikz/tikz.code.tex
Package: tikz 2015/08/07 v3.0.1a (rcs-revision 1.151)
 (c:/texlive/2018/texmf-dist/tex/generic/pgf/libraries/pgflibraryplothandlers.code.tex
File: pgflibraryplothandlers.code.tex 2013/08/31 v3.0.1a (rcs-revision 1.20)
\pgf@plot@mark@count=\count128
\pgfplotmarksize=\dimen175
)
\tikz@lastx=\dimen176
\tikz@lasty=\dimen177
\tikz@lastxsaved=\dimen178
\tikz@lastysaved=\dimen179
\tikzleveldistance=\dimen180
\tikzsiblingdistance=\dimen181
\tikz@figbox=\box37
\tikz@figbox@bg=\box38
\tikz@tempbox=\box39
\tikz@tempbox@bg=\box40
\tikztreelevel=\count129
\tikznumberofchildren=\count130
\tikznumberofcurrentchild=\count131
\tikz@fig@count=\count132
 (c:/texlive/2018/texmf-dist/tex/generic/pgf/modules/pgfmodulematrix.code.tex
File: pgfmodulematrix.code.tex 2013/09/17  (rcs-revision 1.8)
\pgfmatrixcurrentrow=\count133
\pgfmatrixcurrentcolumn=\count134
\pgf@matrix@numberofcolumns=\count135
)
\tikz@expandcount=\count136
 (c:/texlive/2018/texmf-dist/tex/generic/pgf/frontendlayer/tikz/libraries/tikzlibrarytopaths.code.tex
File: tikzlibrarytopaths.code.tex 2008/06/17 v3.0.1a (rcs-revision 1.2)
))) (c:/texlive/2018/texmf-dist/tex/latex/setspace/setspace.sty
Package: setspace 2011/12/19 v6.7a set line spacing
) (c:/texlive/2018/texmf-dist/tex/latex/cleveref/cleveref.sty
Package: cleveref 2018/03/27 v0.21.4 Intelligent cross-referencing
Package cleveref Info: `hyperref' support loaded on input line 2370.
LaTeX Info: Redefining \cref on input line 2370.
LaTeX Info: Redefining \Cref on input line 2370.
LaTeX Info: Redefining \crefrange on input line 2370.
LaTeX Info: Redefining \Crefrange on input line 2370.
LaTeX Info: Redefining \cpageref on input line 2370.
LaTeX Info: Redefining \Cpageref on input line 2370.
LaTeX Info: Redefining \cpagerefrange on input line 2370.
LaTeX Info: Redefining \Cpagerefrange on input line 2370.
LaTeX Info: Redefining \labelcref on input line 2370.
LaTeX Info: Redefining \labelcpageref on input line 2370.
Package cleveref Info: `amsthm' support loaded on input line 3026.
) (c:/texlive/2018/texmf-dist/tex/latex/listings/listings.sty
\lst@mode=\count137
\lst@gtempboxa=\box41
\lst@token=\toks40
\lst@length=\count138
\lst@currlwidth=\dimen182
\lst@column=\count139
\lst@pos=\count140
\lst@lostspace=\dimen183
\lst@width=\dimen184
\lst@newlines=\count141
\lst@lineno=\count142
\lst@maxwidth=\dimen185
 (c:/texlive/2018/texmf-dist/tex/latex/listings/lstmisc.sty
File: lstmisc.sty 2018/09/02 1.7 (Carsten Heinz)
\c@lstnumber=\count143
\lst@skipnumbers=\count144
\lst@framebox=\box42
) (c:/texlive/2018/texmf-dist/tex/latex/listings/listings.cfg
File: listings.cfg 2018/09/02 1.7 listings configuration
))
Package: listings 2018/09/02 1.7 (Carsten Heinz)
 (c:/texlive/2018/texmf-dist/tex/latex/tools/dcolumn.sty
Package: dcolumn 2014/10/28 v1.06 decimal alignment package (DPC)
 (c:/texlive/2018/texmf-dist/tex/latex/tools/array.sty
Package: array 2018/11/13 v2.4j Tabular extension package (FMi)
\col@sep=\dimen186
\ar@mcellbox=\box43
\extrarowheight=\dimen187
\NC@list=\toks41
\extratabsurround=\skip64
\backup@length=\skip65
\ar@cellbox=\box44
)) (c:/texlive/2018/texmf-dist/tex/latex/base/fontenc.sty
Package: fontenc 2018/08/11 v2.0j Standard LaTeX package
 (c:/texlive/2018/texmf-dist/tex/latex/base/t1enc.def
File: t1enc.def 2018/08/11 v2.0j Standard LaTeX file
LaTeX Font Info:    Redeclaring font encoding T1 on input line 48.
)) (c:/texlive/2018/texmf-dist/tex/latex/multirow/multirow.sty
Package: multirow 2018/08/03 v2.3 Span multiple rows of a table
\multirow@colwidth=\skip66
\multirow@cntb=\count145
\multirow@dima=\skip67
\bigstrutjot=\dimen188
) (c:/texlive/2018/texmf-dist/tex/latex/caption/caption.sty
Package: caption 2018/10/06 v3.3-154 Customizing captions (AR)
 (c:/texlive/2018/texmf-dist/tex/latex/caption/caption3.sty
Package: caption3 2018/09/12 v1.8c caption3 kernel (AR)
Package caption3 Info: TeX engine: e-TeX on input line 64.
\captionmargin=\dimen189
\captionmargin@=\dimen190
\captionwidth=\dimen191
\caption@tempdima=\dimen192
\caption@indent=\dimen193
\caption@parindent=\dimen194
\caption@hangindent=\dimen195
)
\c@caption@flags=\count146
\c@ContinuedFloat=\count147
Package caption Info: hyperref package is loaded.
Package caption Info: listings package is loaded.
) (c:/texlive/2018/texmf-dist/tex/latex/booktabs/booktabs.sty
Package: booktabs 2016/04/27 v1.618033 publication quality tables
\heavyrulewidth=\dimen196
\lightrulewidth=\dimen197
\cmidrulewidth=\dimen198
\belowrulesep=\dimen199
\belowbottomsep=\dimen256
\aboverulesep=\dimen257
\abovetopsep=\dimen258
\cmidrulesep=\dimen259
\cmidrulekern=\dimen260
\defaultaddspace=\dimen261
\@cmidla=\count148
\@cmidlb=\count149
\@aboverulesep=\dimen262
\@belowrulesep=\dimen263
\@thisruleclass=\count150
\@lastruleclass=\count151
\@thisrulewidth=\dimen264
) (c:/texlive/2018/texmf-dist/tex/latex/jknapltx/mathrsfs.sty
Package: mathrsfs 1996/01/01 Math RSFS package v1.0 (jk)
\symrsfs=\mathgroup6
)
Package hyperref Info: Option `colorlinks' set `true' on input line 20.
 (c:/texlive/2018/texmf-dist/tex/generic/pgf/frontendlayer/tikz/libraries/tikzlibrarymatrix.code.tex
File: tikzlibrarymatrix.code.tex 2013/07/12 v3.0.1a (rcs-revision 1.4)
) (c:/texlive/2018/texmf-dist/tex/generic/pgf/frontendlayer/tikz/libraries/tikzlibrarypositioning.code.tex
File: tikzlibrarypositioning.code.tex 2008/10/06 v3.0.1a (rcs-revision 1.7)
)
\c@theorem=\count152
 (c:/Users/Johnny/Coding-Bootcamp/PS4/tex_file/PS4 PDF.aux)
\openout1 = `"PS4 PDF.aux"'.

LaTeX Font Info:    Checking defaults for OML/cmm/m/it on input line 109.
LaTeX Font Info:    ... okay on input line 109.
LaTeX Font Info:    Checking defaults for T1/cmr/m/n on input line 109.
LaTeX Font Info:    ... okay on input line 109.
LaTeX Font Info:    Checking defaults for OT1/cmr/m/n on input line 109.
LaTeX Font Info:    ... okay on input line 109.
LaTeX Font Info:    Checking defaults for OMS/cmsy/m/n on input line 109.
LaTeX Font Info:    ... okay on input line 109.
LaTeX Font Info:    Checking defaults for OMX/cmex/m/n on input line 109.
LaTeX Font Info:    ... okay on input line 109.
LaTeX Font Info:    Checking defaults for U/cmr/m/n on input line 109.
LaTeX Font Info:    ... okay on input line 109.
LaTeX Font Info:    Checking defaults for PD1/pdf/m/n on input line 109.
LaTeX Font Info:    ... okay on input line 109.

*geometry* driver: auto-detecting
*geometry* detected driver: pdftex
*geometry* verbose mode - [ preamble ] result:
* driver: pdftex
* paper: <default>
* layout: <same size as paper>
* layoutoffset:(h,v)=(0.0pt,0.0pt)
* modes: 
* h-part:(L,W,R)=(72.26999pt, 469.75502pt, 72.26999pt)
* v-part:(T,H,B)=(72.26999pt, 650.43001pt, 72.26999pt)
* \paperwidth=614.295pt
* \paperheight=794.96999pt
* \textwidth=469.75502pt
* \textheight=650.43001pt
* \oddsidemargin=0.0pt
* \evensidemargin=0.0pt
* \topmargin=-37.0pt
* \headheight=65.0pt
* \headsep=25.0pt
* \topskip=12.0pt
* \footskip=30.0pt
* \marginparwidth=44.0pt
* \marginparsep=10.0pt
* \columnsep=10.0pt
* \skip\footins=10.8pt plus 4.0pt minus 2.0pt
* \hoffset=0.0pt
* \voffset=0.0pt
* \mag=1000
* \@twocolumnfalse
* \@twosidefalse
* \@mparswitchfalse
* \@reversemarginfalse
* (1in=72.27pt=25.4mm, 1cm=28.453pt)

\AtBeginShipoutBox=\box45
Package hyperref Info: Link coloring ON on input line 109.
(c:/texlive/2018/texmf-dist/tex/latex/hyperref/nameref.sty
Package: nameref 2016/05/21 v2.44 Cross-referencing by name of section
 (c:/texlive/2018/texmf-dist/tex/generic/oberdiek/gettitlestring.sty
Package: gettitlestring 2016/05/16 v1.5 Cleanup title references (HO)
)
\c@section@level=\count153
)
LaTeX Info: Redefining \ref on input line 109.
LaTeX Info: Redefining \pageref on input line 109.
LaTeX Info: Redefining \nameref on input line 109.
 (c:/Users/Johnny/Coding-Bootcamp/PS4/tex_file/PS4 PDF.out) (c:/Users/Johnny/Coding-Bootcamp/PS4/tex_file/PS4 PDF.out)
\@outlinefile=\write5
\openout5 = `"PS4 PDF.out"'.

 (c:/texlive/2018/texmf-dist/tex/context/base/mkii/supp-pdf.mkii
[Loading MPS to PDF converter (version 2006.09.02).]
\scratchcounter=\count154
\scratchdimen=\dimen265
\scratchbox=\box46
\nofMPsegments=\count155
\nofMParguments=\count156
\everyMPshowfont=\toks42
\MPscratchCnt=\count157
\MPscratchDim=\dimen266
\MPnumerator=\count158
\makeMPintoPDFobject=\count159
\everyMPtoPDFconversion=\toks43
) (c:/texlive/2018/texmf-dist/tex/latex/oberdiek/epstopdf-base.sty
Package: epstopdf-base 2016/05/15 v2.6 Base part for package epstopdf
 (c:/texlive/2018/texmf-dist/tex/latex/oberdiek/grfext.sty
Package: grfext 2016/05/16 v1.2 Manage graphics extensions (HO)
)
Package epstopdf-base Info: Redefining graphics rule for `.eps' on input line 438.
Package grfext Info: Graphics extension search list:
(grfext)             [.pdf,.png,.jpg,.mps,.jpeg,.jbig2,.jb2,.PDF,.PNG,.JPG,.JPEG,.JBIG2,.JB2,.eps]
(grfext)             \AppendGraphicsExtensions on input line 456.
 (c:/texlive/2018/texmf-dist/tex/latex/latexconfig/epstopdf-sys.cfg
File: epstopdf-sys.cfg 2010/07/13 v1.3 Configuration of (r)epstopdf for TeX Live
)) ABD: EveryShipout initializing macros
\c@lstlisting=\count160
Package caption Info: Begin \AtBeginDocument code.
Package caption Info: End \AtBeginDocument code.
LaTeX Font Info:    Try loading font information for T1+cmtt on input line 118.
 (c:/texlive/2018/texmf-dist/tex/latex/base/t1cmtt.fd
File: t1cmtt.fd 2014/09/29 v2.5h Standard LaTeX font definitions
) [1{c:/texlive/2018/texmf-var/fonts/map/pdftex/updmap/pdftex.map}

] [2] [3] [4] [5] [6]
LaTeX Font Info:    Try loading font information for U+msa on input line 305.
 (c:/texlive/2018/texmf-dist/tex/latex/amsfonts/umsa.fd
File: umsa.fd 2013/01/14 v3.01 AMS symbols A
)
LaTeX Font Info:    Try loading font information for U+msb on input line 305.
 (c:/texlive/2018/texmf-dist/tex/latex/amsfonts/umsb.fd
File: umsb.fd 2013/01/14 v3.01 AMS symbols B
)
LaTeX Font Info:    Try loading font information for U+rsfs on input line 305.
 (c:/texlive/2018/texmf-dist/tex/latex/jknapltx/ursfs.fd
File: ursfs.fd 1998/03/24 rsfs font definition file (jk)
) [7] [8]
<vfplotbeta=7.png, id=227, 602.25pt x 401.5pt>
File: vfplotbeta=7.png Graphic file (type png)
<use vfplotbeta=7.png>
Package pdftex.def Info: vfplotbeta=7.png  used on input line 322.
(pdftex.def)             Requested size: 361.35278pt x 240.90184pt.
<vfplotbeta=9.png, id=228, 602.25pt x 401.5pt>
File: vfplotbeta=9.png Graphic file (type png)
<use vfplotbeta=9.png>
Package pdftex.def Info: vfplotbeta=9.png  used on input line 323.
(pdftex.def)             Requested size: 361.35278pt x 240.90184pt.
<pfplotbeta=7.png, id=229, 602.25pt x 401.5pt>
File: pfplotbeta=7.png Graphic file (type png)
<use pfplotbeta=7.png>
Package pdftex.def Info: pfplotbeta=7.png  used on input line 324.
(pdftex.def)             Requested size: 361.35278pt x 240.90184pt.
<pfplotbeta=9.png, id=230, 602.25pt x 401.5pt>
File: pfplotbeta=9.png Graphic file (type png)
<use pfplotbeta=9.png>
Package pdftex.def Info: pfplotbeta=9.png  used on input line 325.
(pdftex.def)             Requested size: 361.35278pt x 240.90184pt.
 [9 <c:/Users/Johnny/Coding-Bootcamp/PS4/tex_file/vfplotbeta=7.png> <c:/Users/Johnny/Coding-Bootcamp/PS4/tex_file/vfplotbeta=9.png>] [10 <c:/Users/Johnny/Coding-Bootcamp/PS4/tex_file/pfplotbeta=7.png> <c:/Users/Johnny/Coding-Bootcamp/PS4/tex_file/pfplotbeta=9.png>]
<costevol6.png, id=240, 602.25pt x 401.5pt>
File: costevol6.png Graphic file (type png)
<use costevol6.png>
Package pdftex.def Info: costevol6.png  used on input line 329.
(pdftex.def)             Requested size: 361.35278pt x 240.90184pt.
<costevol95.png, id=241, 602.25pt x 401.5pt>
File: costevol95.png Graphic file (type png)
<use costevol95.png>
Package pdftex.def Info: costevol95.png  used on input line 330.
(pdftex.def)             Requested size: 361.35278pt x 240.90184pt.
 [11 <c:/Users/Johnny/Coding-Bootcamp/PS4/tex_file/costevol6.png> <c:/Users/Johnny/Coding-Bootcamp/PS4/tex_file/costevol95.png>] [12] [13] [14] [15] [16]
Package atveryend Info: Empty hook `BeforeClearDocument' on input line 466.
Package atveryend Info: Empty hook `AfterLastShipout' on input line 466.
 (c:/Users/Johnny/Coding-Bootcamp/PS4/tex_file/PS4 PDF.aux)
Package atveryend Info: Executing hook `AtVeryEndDocument' on input line 466.
Package atveryend Info: Executing hook `AtEndAfterFileList' on input line 466.
Package rerunfilecheck Info: File `"PS4 PDF".out' has not changed.
(rerunfilecheck)             Checksum: D41D8CD98F00B204E9800998ECF8427E;0.
Package atveryend Info: Empty hook `AtVeryVeryEnd' on input line 466.
 ) 
Here is how much of TeX's memory you used:
 22583 strings out of 492616
 412221 string characters out of 6132782
 707064 words of memory out of 5000000
 25797 multiletter control sequences out of 15000+600000
 13979 words of font info for 43 fonts, out of 8000000 for 9000
 1141 hyphenation exceptions out of 8191
 55i,12n,54p,847b,1891s stack positions out of 5000i,500n,10000p,200000b,80000s
{c:/texlive/2018/texmf-dist/fonts/enc/dvips/cm-super/cm-super-t1.enc}<c:/texlive/2018/texmf-dist/fonts/type1/public/amsfonts/cm/cmex10.pfb><c:/texlive/2018/texmf-dist/fonts/type1/public/amsfonts/cm/cmmi12.pfb><c:/texlive/2018/texmf-dist/fonts/type1/public/amsfonts/cm/cmmi6.pfb><c:/texlive/2018/texmf-dist/fonts/type1/public/amsfonts/cm/cmmi8.pfb><c:/texlive/2018/texmf-dist/fonts/type1/public/amsfonts/cm/cmr12.pfb><c:/texlive/2018/texmf-dist/fonts/type1/public/amsfonts/cm/cmr6.pfb><c:/texlive/2018/texmf-dist/fonts/type1/public/amsfonts/cm/cmr8.pfb><c:/texlive/2018/texmf-dist/fonts/type1/public/amsfonts/cm/cmsy10.pfb><c:/texlive/2018/texmf-dist/fonts/type1/public/amsfonts/cm/cmsy6.pfb><c:/texlive/2018/texmf-dist/fonts/type1/public/amsfonts/cm/cmsy8.pfb><c:/texlive/2018/texmf-dist/fonts/type1/public/cm-super/sfbx1200.pfb><c:/texlive/2018/texmf-dist/fonts/type1/public/cm-super/sfrm0600.pfb><c:/texlive/2018/texmf-dist/fonts/type1/public/cm-super/sfrm1200.pfb><c:/texlive/2018/texmf-dist/fonts/type1/public/cm-super/sfti1200.pfb><c:/texlive/2018/texmf-dist/fonts/type1/public/cm-super/sftt1000.pfb>
Output written on "c:/Users/Johnny/Coding-Bootcamp/PS4/tex_file/PS4 PDF.pdf" (16 pages, 426405 bytes).
PDF statistics:
 518 PDF objects out of 1000 (max. 8388607)
 474 compressed objects within 5 object streams
 319 named destinations out of 1000 (max. 500000)
 43 words of extra memory for PDF output out of 10000 (max. 10000000)

